<?xml version="1.0" encoding="UTF-8"?>
<!-- Generated by org.testng.reporters.JUnitReportReporter -->
<testsuite hostname="DESKTOP-JM48LN1" failures="0" tests="3" name="OpenWebsiteTest" time="0.044" errors="0" timestamp="2025-02-06T23:37:21 IST" skipped="0">
  <testcase classname="OpenWebsiteTest" name="openGoogle" time="0.008"/>
  <system-out/>
  <testcase classname="OpenWebsiteTest" name="openGoogle" time="0.018"/>
  <system-out/>
  <testcase classname="OpenWebsiteTest" name="openGoogle" time="0.018"/>
  <system-out/>
</testsuite> <!-- OpenWebsiteTest -->
