<?xml version="1.0" encoding="UTF-8"?>
<!-- Generated by org.testng.reporters.JUnitReportReporter -->
<testsuite hostname="DESKTOP-JM48LN1" failures="0" tests="3" name="HomePageTest" time="1.860" errors="0" timestamp="2025-02-06T23:37:21 IST" skipped="0">
  <testcase classname="HomePageTest" name="testClickSearchButton" time="0.601"/>
  <system-out/>
  <testcase classname="HomePageTest" name="testClickSearchButton" time="0.628"/>
  <system-out/>
  <testcase classname="HomePageTest" name="testClickSearchButton" time="0.631"/>
  <system-out/>
</testsuite> <!-- HomePageTest -->
