<?xml version="1.0" encoding="UTF-8"?>
<!-- Generated by org.testng.reporters.JUnitReportReporter -->
<testsuite hostname="DESKTOP-JM48LN1" failures="0" tests="1" name="HomePageTest" time="0.461" errors="0" timestamp="2025-02-06T21:28:06 IST" skipped="0">
  <testcase classname="HomePageTest" name="testClickSearchButton" time="0.461"/>
  <system-out/>
</testsuite> <!-- HomePageTest -->
