<?xml version="1.0" encoding="UTF-8"?>
<!-- Generated by org.testng.reporters.JUnitReportReporter -->
<testsuite hostname="DESKTOP-JM48LN1" failures="0" tests="1" name="OpenWebsiteTest" time="5.736" errors="0" timestamp="2025-02-06T17:32:53 IST" skipped="0">
  <testcase classname="OpenWebsiteTest" name="openGoogle" time="5.736"/>
  <system-out/>
</testsuite> <!-- OpenWebsiteTest -->
