<?xml version="1.0" encoding="UTF-8"?>
<!-- Generated by org.testng.reporters.JUnitReportReporter -->
<testsuite hostname="DESKTOP-JM48LN1" failures="0" tests="12" name="HomePageTest" time="66.985" errors="0" timestamp="2025-02-10T23:55:31 IST" skipped="0">
  <testcase classname="HomePageTest" name="testClickSearchButton" time="5.495"/>
  <system-out/>
  <testcase classname="HomePageTest" name="testClickSearchButton" time="5.599"/>
  <system-out/>
  <testcase classname="HomePageTest" name="testClickSearchButton" time="5.622"/>
  <system-out/>
  <testcase classname="HomePageTest" name="testClickSearchButton" time="5.501"/>
  <system-out/>
  <testcase classname="HomePageTest" name="testClickSearchButton" time="5.504"/>
  <system-out/>
  <testcase classname="HomePageTest" name="testClickSearchButton" time="5.608"/>
  <system-out/>
  <testcase classname="HomePageTest" name="testClickSearchButton" time="5.541"/>
  <system-out/>
  <testcase classname="HomePageTest" name="testClickSearchButton" time="5.604"/>
  <system-out/>
  <testcase classname="HomePageTest" name="testClickSearchButton" time="5.855"/>
  <system-out/>
  <testcase classname="HomePageTest" name="testClickSearchButton" time="5.605"/>
  <system-out/>
  <testcase classname="HomePageTest" name="testClickSearchButton" time="5.524"/>
  <system-out/>
  <testcase classname="HomePageTest" name="testClickSearchButton" time="5.527"/>
  <system-out/>
</testsuite> <!-- HomePageTest -->
