<?xml version="1.0" encoding="UTF-8"?>
<!-- Generated by org.testng.reporters.JUnitReportReporter -->
<testsuite hostname="DESKTOP-JM48LN1" failures="0" tests="3" name="OpenWebsiteTest" time="0.039" errors="0" timestamp="2025-02-10T23:55:31 IST" skipped="0">
  <testcase classname="OpenWebsiteTest" name="openGoogle" time="0.011"/>
  <system-out/>
  <testcase classname="OpenWebsiteTest" name="openGoogle" time="0.017"/>
  <system-out/>
  <testcase classname="OpenWebsiteTest" name="openGoogle" time="0.011"/>
  <system-out/>
</testsuite> <!-- OpenWebsiteTest -->
